============================= test session starts ==============================
platform darwin -- Python 3.13.6, pytest-9.1.1, pluggy-1.6.0
rootdir: /Users/adityayadav/Documents/vinhack/verdegrid-clone/verdegrid/datacenter-os/backend
configfile: pytest.ini
testpaths: tests
plugins: anyio-4.15.1
collected 286 items

tests/test_app.py ....                                                   [  1%]
tests/test_coolsense_anomaly.py .........                                [  4%]
tests/test_coolsense_baseline.py ........                                [  7%]
tests/test_coolsense_sensors.py .....                                    [  9%]
tests/test_coolsense_should_have.py .............                        [ 13%]
tests/test_gridsync.py ........                                          [ 16%]
tests/test_gridsync_deadline_vs_dirty_grid.py .                          [ 16%]
tests/test_gridsync_grid.py ......                                       [ 18%]
tests/test_gridsync_jobs.py ..........                                   [ 22%]
tests/test_gridsync_scheduler.py ..........                              [ 25%]
tests/test_gridsync_should_have.py .........                             [ 29%]
tests/test_netpulse_and_ml_stubs.py .....                                [ 30%]
tests/test_netpulse_congestion.py .......                                [ 33%]
tests/test_netpulse_flow.py .....                                        [ 34%]
tests/test_netpulse_routing.py ...........                               [ 38%]
tests/test_netpulse_should_have.py ..........                            [ 42%]
tests/test_netpulse_telemetry.py ...                                     [ 43%]
tests/test_powerprune_consolidation.py ...........                       [ 47%]
tests/test_powerprune_coolsense.py ....                                  [ 48%]
tests/test_powerprune_power.py ..........                                [ 52%]
tests/test_powerprune_should_have.py ........                            [ 54%]
tests/test_powerprune_telemetry.py ....                                  [ 56%]
tests/test_powerprune_threshold.py ......                                [ 58%]
tests/test_shared_classification.py .......                              [ 60%]
tests/test_shared_contracts.py .......                                   [ 63%]
tests/test_shared_eventbus.py .......                                    [ 65%]
tests/test_shared_orchestrator.py .....................                  [ 73%]
tests/test_shared_scheduler_driver.py ........                           [ 75%]
tests/test_shared_telemetry_sim.py ...........                           [ 79%]
tests/test_thermos.py .............                                      [ 84%]
tests/test_thermos_control.py ............                               [ 88%]
tests/test_thermos_model.py ..............                               [ 93%]
tests/test_thermos_sensors.py ......                                     [ 95%]
tests/test_thermos_should_have.py .............                          [100%]

=============================== warnings summary ===============================
venv/lib/python3.13/site-packages/fastapi/testclient.py:1
  /Users/adityayadav/Documents/vinhack/verdegrid-clone/verdegrid/datacenter-os/backend/venv/lib/python3.13/site-packages/fastapi/testclient.py:1: StarletteDeprecationWarning: Using `httpx` with `starlette.testclient` is deprecated; install `httpx2` instead.
    from starlette.testclient import TestClient as TestClient  # noqa

venv/lib/python3.13/site-packages/starlette/testclient.py:53
  /Users/adityayadav/Documents/vinhack/verdegrid-clone/verdegrid/datacenter-os/backend/venv/lib/python3.13/site-packages/starlette/testclient.py:53: DeprecationWarning: The anyio.abc.BlockingPortal alias is deprecated, use anyio.from_thread.BlockingPortal instead.
    _PortalFactoryType = Callable[[], AbstractContextManager[anyio.abc.BlockingPortal]]

-- Docs: https://docs.pytest.org/en/stable/how-to/capture-warnings.html
======================= 286 passed, 2 warnings in 0.19s ========================
